0 info it worked if it ends with ok
1 verbose cli [ '/Users/abeck/.nvm/versions/node/v5.11.0/bin/node',
1 verbose cli   '/Users/abeck/.nvm/versions/node/v5.11.0/bin/npm',
1 verbose cli   'run',
1 verbose cli   'serve' ]
2 info using npm@3.8.6
3 info using node@v5.11.0
4 verbose run-script [ 'preserve', 'serve', 'postserve' ]
5 info lifecycle monad_functor_talk@1.0.0~preserve: monad_functor_talk@1.0.0
6 silly lifecycle monad_functor_talk@1.0.0~preserve: no script for preserve, continuing
7 info lifecycle monad_functor_talk@1.0.0~serve: monad_functor_talk@1.0.0
8 verbose lifecycle monad_functor_talk@1.0.0~serve: unsafe-perm in lifecycle true
9 verbose lifecycle monad_functor_talk@1.0.0~serve: PATH: /Users/abeck/.nvm/versions/node/v5.11.0/lib/node_modules/npm/bin/node-gyp-bin:/Users/abeck/Code/personal/monad_functor_talk/node_modules/.bin:/Users/abeck/.nvm/versions/node/v5.11.0/bin:/Users/abeck/.nvm/versions/node/v5.11.0/bin:/Users/abeck/.rbenv/shims:/usr/local/sbin:/Users/abeck/Code/zendesk/docker-images/dockmaster/bin:/Users/abeck/.rbenv/shims:/Users/abeck/.rbenv/bin:bin:node_modules/.bin:/usr/local/bin:/usr/bin:/bin:/usr/sbin:/sbin:/opt/X11/bin
10 verbose lifecycle monad_functor_talk@1.0.0~serve: CWD: /Users/abeck/Code/personal/monad_functor_talk
11 silly lifecycle monad_functor_talk@1.0.0~serve: Args: [ '-c', 'node ./dist/server/index.js' ]
12 silly lifecycle monad_functor_talk@1.0.0~serve: Returned: code: 1  signal: null
13 info lifecycle monad_functor_talk@1.0.0~serve: Failed to exec serve script
14 verbose stack Error: monad_functor_talk@1.0.0 serve: `node ./dist/server/index.js`
14 verbose stack Exit status 1
14 verbose stack     at EventEmitter.<anonymous> (/Users/abeck/.nvm/versions/node/v5.11.0/lib/node_modules/npm/lib/utils/lifecycle.js:239:16)
14 verbose stack     at emitTwo (events.js:100:13)
14 verbose stack     at EventEmitter.emit (events.js:185:7)
14 verbose stack     at ChildProcess.<anonymous> (/Users/abeck/.nvm/versions/node/v5.11.0/lib/node_modules/npm/lib/utils/spawn.js:24:14)
14 verbose stack     at emitTwo (events.js:100:13)
14 verbose stack     at ChildProcess.emit (events.js:185:7)
14 verbose stack     at maybeClose (internal/child_process.js:850:16)
14 verbose stack     at Process.ChildProcess._handle.onexit (internal/child_process.js:215:5)
15 verbose pkgid monad_functor_talk@1.0.0
16 verbose cwd /Users/abeck/Code/personal/monad_functor_talk
17 error Darwin 14.5.0
18 error argv "/Users/abeck/.nvm/versions/node/v5.11.0/bin/node" "/Users/abeck/.nvm/versions/node/v5.11.0/bin/npm" "run" "serve"
19 error node v5.11.0
20 error npm  v3.8.6
21 error code ELIFECYCLE
22 error monad_functor_talk@1.0.0 serve: `node ./dist/server/index.js`
22 error Exit status 1
23 error Failed at the monad_functor_talk@1.0.0 serve script 'node ./dist/server/index.js'.
23 error Make sure you have the latest version of node.js and npm installed.
23 error If you do, this is most likely a problem with the monad_functor_talk package,
23 error not with npm itself.
23 error Tell the author that this fails on your system:
23 error     node ./dist/server/index.js
23 error You can get information on how to open an issue for this project with:
23 error     npm bugs monad_functor_talk
23 error Or if that isn't available, you can get their info via:
23 error     npm owner ls monad_functor_talk
23 error There is likely additional logging output above.
24 verbose exit [ 1, true ]
